C51 COMPILER V9.54   KEYBOARD                                                              07/09/2019 09:35:01 PAGE 1   


C51 COMPILER V9.54, COMPILATION OF MODULE KEYBOARD
OBJECT MODULE PLACED IN .\OutPut\keyBoard.obj
COMPILER INVOKED BY: D:\Keil_v5\C51\BIN\C51.EXE Source\other\keyBoard.c LARGE OPTIMIZE(8,SIZE) BROWSE DEBUG OBJECTEXTEND
                    - PRINT(.\OutPut\keyBoard.lst) OBJECT(.\OutPut\keyBoard.obj)

line level    source

   1          #include <IAP15W4K61S4.h>
   2          
   3          /**************************************定义全局变量*******************************************************
             -*************/        
   4          sbit keyOut1 = P2^3;
   5          sbit keyOut2 = P2^2;
   6          sbit keyOut3 = P2^1;
   7          sbit keyOut4 = P2^0;
   8          sbit keyIn1 = P2^4;
   9          sbit keyIn2 = P2^5;
  10          sbit keyIn3 = P2^6;
  11          sbit keyIn4 = P2^7;
  12          
  13          unsigned char current[4][4] = {         //当前状态表
  14              1, 1, 1, 1,
  15              1, 1, 1, 1,
  16              1, 1, 1, 1,
  17              1, 1, 1, 1
  18          };
  19          
  20          
  21          unsigned char code hashMap[4][4] = {    //hash表，映射按键功能
  22              0x31, 0x32, 0x33, 0x26,
  23              0x34, 0x35, 0x36, 0x25,
  24              0x37, 0x38, 0x39, 0x28,
  25              0x30, 0x1B, 0x0D, 0x27
  26          };
  27          /*
  28          unsigned char code hashMap[4][4] = {    //hash表，映射按键功能
  29              0x28, 0x32, 0x33, 0x37,
  30              0x37, 0x38, 0x39, 0x38,
  31              0x35, 0x34, 0x36, 0x31,
  32              0x31, 0x32, 0x33, 0x27
  33          };
  34          */
  35          /**************************************定义外部函数接口***************************************************
             -*********************/
  36          extern void keyAction(unsigned char keycode);
  37          
  38          /**************************************函数声明***********************************************************
             -*************/
  39          void keyScanner(void);                  //键盘扫描，定时中断
  40          void keyDriver(void);                   //按键驱动函数
  41                          
  42          void keyScanner(void)                   //键盘扫描，定时中断
  43          {
  44   1          unsigned char k;
  45   1          static unsigned char keyout = 0;
  46   1          static unsigned char state[][4] = { //状态保留
  47   1              0xFF, 0xFF, 0xFF, 0xFF,
  48   1              0xFF, 0xFF, 0xFF, 0xFF,
  49   1              0xFF, 0xFF, 0xFF, 0xFF,
  50   1              0xFF, 0xFF, 0xFF, 0xFF
  51   1          };
C51 COMPILER V9.54   KEYBOARD                                                              07/09/2019 09:35:01 PAGE 2   

  52   1      
  53   1          state[keyout][0] = state[keyout][0] << 1 | keyIn1;
  54   1          state[keyout][1] = state[keyout][1] << 1 | keyIn2;
  55   1          state[keyout][2] = state[keyout][2] << 1 | keyIn3;
  56   1          state[keyout][3] = state[keyout][3] << 1 | keyIn4;
  57   1          for (k = 0; k < 4; k++) {
  58   2              if (0x0F == (0x0F & state[keyout][k])) {
  59   3                  current[keyout][k] = 1;
  60   3              }
  61   2              else if ((0x00 == (0x0F & state[keyout][k]))) {
  62   3                  current[keyout][k] = 0;
  63   3              }
  64   2          }
  65   1          keyout++;
  66   1          keyout &= 0x03;
  67   1          switch (keyout) {
  68   2              case 0:
  69   2                  keyOut4 = 1; keyOut1 = 0; break;
  70   2              case 1:
  71   2                  keyOut1 = 1; keyOut2 = 0; break;
  72   2              case 2:
  73   2                  keyOut2 = 1; keyOut3 = 0; break;
  74   2              case 3:
  75   2                  keyOut3 = 1; keyOut4 = 0; break;
  76   2              default: 
  77   2                  break;
  78   2          }
  79   1      }
  80          
  81          void keyDriver(void)                              //按键驱动函数
  82          {
  83   1          unsigned char k;
  84   1          unsigned char i;
  85   1              
  86   1          static char previous[][4] = {                 //按键的上一次状态
  87   1              1, 1, 1, 1,
  88   1              1, 1, 1, 1,
  89   1              1, 1, 1, 1,
  90   1              1, 1, 1, 1
  91   1          };
  92   1      
  93   1          for (k = 0; k < 4; k++) {
  94   2              for (i = 0; i < 4; i++) {
  95   3                  if (current[k][i] != previous[k][i]) {
  96   4                      if (0 == current[k][i]) {
  97   5                          keyAction(hashMap[k][i]);     //各按键功能 
  98   5                      }
  99   4                      previous[k][i] = current[k][i];
 100   4                  }
 101   3              }
 102   2          }
 103   1      }


MODULE INFORMATION:   STATIC OVERLAYABLE
   CODE SIZE        =    529    ----
   CONSTANT SIZE    =     16    ----
   XDATA SIZE       =     49       2
   PDATA SIZE       =   ----    ----
   DATA SIZE        =   ----    ----
   IDATA SIZE       =   ----    ----
   BIT SIZE         =   ----    ----
C51 COMPILER V9.54   KEYBOARD                                                              07/09/2019 09:35:01 PAGE 3   

END OF MODULE INFORMATION.


C51 COMPILATION COMPLETE.  0 WARNING(S),  0 ERROR(S)
